<?xml version="1.0" encoding="UTF-8"?>
<testng-results ignored="0" total="1" passed="1" failed="0" skipped="0">
  <reporter-output>
  </reporter-output>
  <suite started-at="2021-08-24T16:41:59Z" name="Suite" finished-at="2021-08-24T16:42:02Z" duration-ms="2877">
    <groups>
    </groups>
    <test started-at="2021-08-24T16:41:59Z" name="Test" finished-at="2021-08-24T16:42:02Z" duration-ms="2877">
      <class name="Suite.test">
        <test-method is-config="true" signature="BeforeSuite()[pri:0, instance:Suite.test@7c7b252e]" started-at="2021-08-24T16:41:59Z" name="BeforeSuite" finished-at="2021-08-24T16:42:00Z" duration-ms="363" status="PASS">
          <reporter-output>
          </reporter-output>
        </test-method> <!-- BeforeSuite -->
        <test-method signature="gtest()[pri:1, instance:Suite.test@7c7b252e]" started-at="2021-08-24T16:42:00Z" name="gtest" finished-at="2021-08-24T16:42:02Z" duration-ms="2503" status="PASS">
          <reporter-output>
          </reporter-output>
        </test-method> <!-- gtest -->
      </class> <!-- Suite.test -->
    </test> <!-- Test -->
  </suite> <!-- Suite -->
</testng-results>
