<?xml version="1.0" encoding="UTF-8"?>
<testng-results ignored="0" total="2" passed="2" failed="0" skipped="0">
  <reporter-output>
  </reporter-output>
  <suite started-at="2021-08-24T17:55:19Z" name="Suite" finished-at="2021-08-24T17:55:22Z" duration-ms="3395">
    <groups>
    </groups>
    <test started-at="2021-08-24T17:55:19Z" name="Test" finished-at="2021-08-24T17:55:22Z" duration-ms="3395">
      <class name="Suite.test">
        <test-method is-config="true" signature="BeforeSuite()[pri:0, instance:Suite.test@4d5d943d]" started-at="2021-08-24T17:55:19Z" name="BeforeSuite" finished-at="2021-08-24T17:55:19Z" duration-ms="312" status="PASS">
          <reporter-output>
          </reporter-output>
        </test-method> <!-- BeforeSuite -->
        <test-method signature="GET_List()[pri:1, instance:Suite.test@4d5d943d]" started-at="2021-08-24T17:55:19Z" name="GET_List" finished-at="2021-08-24T17:55:21Z" duration-ms="1829" status="PASS">
          <reporter-output>
          </reporter-output>
        </test-method> <!-- GET_List -->
        <test-method signature="POST_List()[pri:2, instance:Suite.test@4d5d943d]" started-at="2021-08-24T17:55:21Z" name="POST_List" finished-at="2021-08-24T17:55:22Z" duration-ms="1244" status="PASS">
          <reporter-output>
          </reporter-output>
        </test-method> <!-- POST_List -->
      </class> <!-- Suite.test -->
    </test> <!-- Test -->
  </suite> <!-- Suite -->
</testng-results>
